* Starting client
* Connecting to master process on port 21872
* Analyzing classpath: 
  - /Users/Ty/IdeaProjects/CS362/CS362-001-SP17/projects/haggertt/assignment-1/target/classes
  - /Users/Ty/.m2/repository/junit/junit/3.8.1/junit-3.8.1.jar
* Finished analyzing classpath
* Generating tests for class Hw1
* Test criteria:
  - Line Coverage
  - Branch Coverage
  - Exception
  - Mutation testing (weak)
  - Method-Output Coverage
  - Top-Level Method Coverage
  - No-Exception Top-Level Method Coverage
  - Context Branch Coverage
* Setting up search algorithm for whole suite generation
[MASTER] 15:50:09.240 [pool-2-thread-1] WARN  TestSuiteSerialization - Cannot load tests because file does not exist: /Users/Ty/IdeaProjects/CS362/CS362-001-SP17/projects/haggertt/assignment-1/.evosuite/evosuite-seeds/Hw1.seed
* Total number of test goals: 
  - Line 30
  - Branch 18
  - Exception 0
  - MutationFactory 376
  - Output 3
  - Method 6
  - MethodNoException 6
  - CBranchFitnessFactory 18
* Using seed 1492383006311
* Starting evolution
* Search finished after 66s and 189 generations, 60766 statements, best individual has fitness: 1.0833333333333333
* Writing sequences to pool
* Minimizing test suite
* Going to analyze the coverage criteria
* Coverage analysis for criterion LINE
* Coverage of criterion LINE: 100%
* Total number of goals: 30
* Number of covered goals: 30
* Coverage analysis for criterion BRANCH
* Coverage of criterion BRANCH: 100%
* Total number of goals: 18
* Number of covered goals: 18
* Coverage analysis for criterion EXCEPTION
* Coverage of criterion EXCEPTION: 100%
* Total number of goals: 11
* Number of covered goals: 11
* Coverage analysis for criterion WEAKMUTATION
* Coverage of criterion WEAKMUTATION: 99%
* Total number of goals: 376
* Number of covered goals: 374
* Coverage analysis for criterion OUTPUT
* Coverage of criterion OUTPUT: 100%
* Total number of goals: 3
* Number of covered goals: 3
* Coverage analysis for criterion METHOD
* Coverage of criterion METHOD: 100%
* Total number of goals: 6
* Number of covered goals: 6
* Coverage analysis for criterion METHODNOEXCEPTION
* Coverage of criterion METHODNOEXCEPTION: 100%
* Total number of goals: 6
* Number of covered goals: 6
* Coverage analysis for criterion CBRANCH
* Coverage of criterion CBRANCH: 100%
* Total number of goals: 18
* Number of covered goals: 18
* Generated 21 tests with total length 40
* Resulting test suite's coverage: 100% (average coverage for all fitness functions)
* Generating assertions
* Resulting test suite's mutation score: 15%
* Compiling and checking tests
* Writing JUnit test case 'Hw1_ESTest' to /Users/Ty/IdeaProjects/CS362/CS362-001-SP17/projects/haggertt/assignment-1/.evosuite/tmp_2017_04_16_15_50_04/tests
* Done!

